{"C:\\Widia\\Project\\github-repositories-explorer\\src\\App.tsx": {"path":"C:\\Widia\\Project\\github-repositories-explorer\\src\\App.tsx","all":false,"statementMap":{"0":{"start":{"line":1,"column":0},"end":{"line":1,"column":33}},"1":{"start":{"line":2,"column":0},"end":{"line":2,"column":73}},"2":{"start":{"line":3,"column":0},"end":{"line":3,"column":21}},"4":{"start":{"line":5,"column":0},"end":{"line":5,"column":49}},"5":{"start":{"line":6,"column":0},"end":{"line":6,"column":45}},"7":{"start":{"line":8,"column":0},"end":{"line":8,"column":38}},"9":{"start":{"line":10,"column":0},"end":{"line":10,"column":31}},"10":{"start":{"line":11,"column":0},"end":{"line":11,"column":47}},"12":{"start":{"line":13,"column":0},"end":{"line":13,"column":10}},"13":{"start":{"line":14,"column":0},"end":{"line":14,"column":46}},"14":{"start":{"line":15,"column":0},"end":{"line":15,"column":42}},"15":{"start":{"line":16,"column":0},"end":{"line":16,"column":52}},"16":{"start":{"line":17,"column":0},"end":{"line":17,"column":26}},"18":{"start":{"line":19,"column":0},"end":{"line":19,"column":1}}},"s":{"0":1,"1":1,"2":1,"4":1,"5":1,"7":1,"9":1,"10":1,"12":1,"13":1,"14":1,"15":1,"16":1,"18":1},"branchMap":{"0":{"type":"branch","line":10,"loc":{"start":{"line":10,"column":0},"end":{"line":19,"column":1}},"locations":[{"start":{"line":10,"column":0},"end":{"line":19,"column":1}}]},"1":{"type":"branch","line":16,"loc":{"start":{"line":16,"column":7},"end":{"line":16,"column":52}},"locations":[{"start":{"line":16,"column":7},"end":{"line":16,"column":52}}]}},"b":{"0":[1],"1":[0]},"fnMap":{"0":{"name":"App","decl":{"start":{"line":10,"column":0},"end":{"line":19,"column":1}},"loc":{"start":{"line":10,"column":0},"end":{"line":19,"column":1}},"line":10}},"f":{"0":1}}
,"C:\\Widia\\Project\\github-repositories-explorer\\src\\main.tsx": {"path":"C:\\Widia\\Project\\github-repositories-explorer\\src\\main.tsx","all":true,"statementMap":{"0":{"start":{"line":1,"column":0},"end":{"line":1,"column":34}},"1":{"start":{"line":2,"column":0},"end":{"line":2,"column":45}},"2":{"start":{"line":3,"column":0},"end":{"line":3,"column":27}},"3":{"start":{"line":4,"column":0},"end":{"line":4,"column":20}},"5":{"start":{"line":6,"column":0},"end":{"line":6,"column":52}},"6":{"start":{"line":7,"column":0},"end":{"line":7,"column":14}},"7":{"start":{"line":8,"column":0},"end":{"line":8,"column":11}},"8":{"start":{"line":9,"column":0},"end":{"line":9,"column":16}},"9":{"start":{"line":10,"column":0},"end":{"line":10,"column":1}}},"s":{"0":0,"1":0,"2":0,"3":0,"5":0,"6":0,"7":0,"8":0,"9":0},"branchMap":{"0":{"type":"branch","line":1,"loc":{"start":{"line":1,"column":203},"end":{"line":10,"column":-148}},"locations":[{"start":{"line":1,"column":203},"end":{"line":10,"column":-148}}]}},"b":{"0":[0]},"fnMap":{"0":{"name":"(empty-report)","decl":{"start":{"line":1,"column":203},"end":{"line":10,"column":-148}},"loc":{"start":{"line":1,"column":203},"end":{"line":10,"column":-148}},"line":1}},"f":{"0":0}}
,"C:\\Widia\\Project\\github-repositories-explorer\\src\\api\\userGithub.ts": {"path":"C:\\Widia\\Project\\github-repositories-explorer\\src\\api\\userGithub.ts","all":false,"statementMap":{"0":{"start":{"line":1,"column":0},"end":{"line":1,"column":26}},"3":{"start":{"line":4,"column":0},"end":{"line":4,"column":42}},"5":{"start":{"line":6,"column":0},"end":{"line":6,"column":50}},"6":{"start":{"line":7,"column":0},"end":{"line":7,"column":44}},"7":{"start":{"line":8,"column":0},"end":{"line":8,"column":55}},"8":{"start":{"line":9,"column":0},"end":{"line":9,"column":4}},"9":{"start":{"line":10,"column":0},"end":{"line":10,"column":2}},"11":{"start":{"line":12,"column":0},"end":{"line":12,"column":51}},"12":{"start":{"line":13,"column":0},"end":{"line":13,"column":72}},"13":{"start":{"line":14,"column":0},"end":{"line":14,"column":2}}},"s":{"0":1,"3":1,"5":1,"6":0,"7":0,"8":0,"9":0,"11":1,"12":0,"13":0},"branchMap":{},"b":{},"fnMap":{"0":{"name":"searchUsers","decl":{"start":{"line":6,"column":27},"end":{"line":10,"column":2}},"loc":{"start":{"line":6,"column":27},"end":{"line":10,"column":2}},"line":6},"1":{"name":"getUserRepos","decl":{"start":{"line":12,"column":28},"end":{"line":14,"column":2}},"loc":{"start":{"line":12,"column":28},"end":{"line":14,"column":2}},"line":12}},"f":{"0":0,"1":0}}
,"C:\\Widia\\Project\\github-repositories-explorer\\src\\api\\types\\userGithub.ts": {"path":"C:\\Widia\\Project\\github-repositories-explorer\\src\\api\\types\\userGithub.ts","all":true,"statementMap":{},"s":{},"branchMap":{"0":{"type":"branch","line":1,"loc":{"start":{"line":1,"column":209},"end":{"line":12,"column":1}},"locations":[{"start":{"line":1,"column":209},"end":{"line":12,"column":1}}]}},"b":{"0":[1]},"fnMap":{"0":{"name":"(empty-report)","decl":{"start":{"line":1,"column":209},"end":{"line":12,"column":1}},"loc":{"start":{"line":1,"column":209},"end":{"line":12,"column":1}},"line":1}},"f":{"0":1}}
,"C:\\Widia\\Project\\github-repositories-explorer\\src\\components\\EmptyData.tsx": {"path":"C:\\Widia\\Project\\github-repositories-explorer\\src\\components\\EmptyData.tsx","all":false,"statementMap":{"0":{"start":{"line":1,"column":0},"end":{"line":1,"column":37}},"1":{"start":{"line":2,"column":0},"end":{"line":2,"column":67}},"2":{"start":{"line":3,"column":0},"end":{"line":3,"column":1}}},"s":{"0":2,"1":2,"2":2},"branchMap":{"0":{"type":"branch","line":1,"loc":{"start":{"line":1,"column":0},"end":{"line":3,"column":1}},"locations":[{"start":{"line":1,"column":0},"end":{"line":3,"column":1}}]}},"b":{"0":[2]},"fnMap":{"0":{"name":"EmptyData","decl":{"start":{"line":1,"column":0},"end":{"line":3,"column":1}},"loc":{"start":{"line":1,"column":0},"end":{"line":3,"column":1}},"line":1}},"f":{"0":2}}
,"C:\\Widia\\Project\\github-repositories-explorer\\src\\components\\Loading.tsx": {"path":"C:\\Widia\\Project\\github-repositories-explorer\\src\\components\\Loading.tsx","all":false,"statementMap":{"0":{"start":{"line":1,"column":0},"end":{"line":1,"column":35}},"1":{"start":{"line":2,"column":0},"end":{"line":2,"column":10}},"2":{"start":{"line":3,"column":0},"end":{"line":3,"column":88}},"3":{"start":{"line":4,"column":0},"end":{"line":4,"column":109}},"4":{"start":{"line":5,"column":0},"end":{"line":5,"column":10}},"6":{"start":{"line":7,"column":0},"end":{"line":7,"column":1}}},"s":{"0":2,"1":2,"2":2,"3":2,"4":2,"6":2},"branchMap":{"0":{"type":"branch","line":1,"loc":{"start":{"line":1,"column":0},"end":{"line":7,"column":1}},"locations":[{"start":{"line":1,"column":0},"end":{"line":7,"column":1}}]}},"b":{"0":[2]},"fnMap":{"0":{"name":"Loading","decl":{"start":{"line":1,"column":0},"end":{"line":7,"column":1}},"loc":{"start":{"line":1,"column":0},"end":{"line":7,"column":1}},"line":1}},"f":{"0":2}}
,"C:\\Widia\\Project\\github-repositories-explorer\\src\\components\\SearchForm.tsx": {"path":"C:\\Widia\\Project\\github-repositories-explorer\\src\\components\\SearchForm.tsx","all":false,"statementMap":{"0":{"start":{"line":1,"column":0},"end":{"line":1,"column":33}},"7":{"start":{"line":8,"column":0},"end":{"line":8,"column":76}},"8":{"start":{"line":9,"column":0},"end":{"line":9,"column":41}},"10":{"start":{"line":11,"column":0},"end":{"line":11,"column":65}},"11":{"start":{"line":12,"column":0},"end":{"line":12,"column":23}},"12":{"start":{"line":13,"column":0},"end":{"line":13,"column":33}},"13":{"start":{"line":14,"column":0},"end":{"line":14,"column":25}},"14":{"start":{"line":15,"column":0},"end":{"line":15,"column":24}},"15":{"start":{"line":16,"column":0},"end":{"line":16,"column":5}},"16":{"start":{"line":17,"column":0},"end":{"line":17,"column":4}},"18":{"start":{"line":19,"column":0},"end":{"line":19,"column":10}},"19":{"start":{"line":20,"column":0},"end":{"line":20,"column":73}},"20":{"start":{"line":21,"column":0},"end":{"line":21,"column":12}},"21":{"start":{"line":22,"column":0},"end":{"line":22,"column":19}},"22":{"start":{"line":23,"column":0},"end":{"line":23,"column":36}},"23":{"start":{"line":24,"column":0},"end":{"line":24,"column":21}},"24":{"start":{"line":25,"column":0},"end":{"line":25,"column":28}},"25":{"start":{"line":26,"column":0},"end":{"line":26,"column":50}},"26":{"start":{"line":27,"column":0},"end":{"line":27,"column":115}},"27":{"start":{"line":28,"column":0},"end":{"line":28,"column":8}},"28":{"start":{"line":29,"column":0},"end":{"line":29,"column":13}},"29":{"start":{"line":30,"column":0},"end":{"line":30,"column":21}},"30":{"start":{"line":31,"column":0},"end":{"line":31,"column":28}},"31":{"start":{"line":32,"column":0},"end":{"line":32,"column":32}},"32":{"start":{"line":33,"column":0},"end":{"line":33,"column":112}},"33":{"start":{"line":34,"column":0},"end":{"line":34,"column":58}},"34":{"start":{"line":35,"column":0},"end":{"line":35,"column":11}},"36":{"start":{"line":37,"column":0},"end":{"line":37,"column":45}},"37":{"start":{"line":38,"column":0},"end":{"line":38,"column":15}},"38":{"start":{"line":39,"column":0},"end":{"line":39,"column":11}},"40":{"start":{"line":41,"column":0},"end":{"line":41,"column":1}}},"s":{"0":1,"7":7,"8":7,"10":7,"11":2,"12":2,"13":2,"14":1,"15":1,"16":2,"18":7,"19":7,"20":7,"21":7,"22":7,"23":7,"24":7,"25":7,"26":7,"27":7,"28":7,"29":7,"30":7,"31":7,"32":7,"33":7,"34":7,"36":7,"37":7,"38":7,"40":7},"branchMap":{"0":{"type":"branch","line":8,"loc":{"start":{"line":8,"column":0},"end":{"line":41,"column":1}},"locations":[{"start":{"line":8,"column":0},"end":{"line":41,"column":1}}]},"1":{"type":"branch","line":34,"loc":{"start":{"line":34,"column":10},"end":{"line":34,"column":56}},"locations":[{"start":{"line":34,"column":10},"end":{"line":34,"column":56}}]},"2":{"type":"branch","line":34,"loc":{"start":{"line":34,"column":22},"end":{"line":34,"column":58}},"locations":[{"start":{"line":34,"column":22},"end":{"line":34,"column":58}}]},"3":{"type":"branch","line":37,"loc":{"start":{"line":37,"column":9},"end":{"line":37,"column":36}},"locations":[{"start":{"line":37,"column":9},"end":{"line":37,"column":36}}]},"4":{"type":"branch","line":37,"loc":{"start":{"line":37,"column":21},"end":{"line":37,"column":45}},"locations":[{"start":{"line":37,"column":21},"end":{"line":37,"column":45}}]},"5":{"type":"branch","line":11,"loc":{"start":{"line":11,"column":23},"end":{"line":17,"column":4}},"locations":[{"start":{"line":11,"column":23},"end":{"line":17,"column":4}}]},"6":{"type":"branch","line":14,"loc":{"start":{"line":14,"column":24},"end":{"line":16,"column":5}},"locations":[{"start":{"line":14,"column":24},"end":{"line":16,"column":5}}]},"7":{"type":"branch","line":26,"loc":{"start":{"line":26,"column":18},"end":{"line":26,"column":50}},"locations":[{"start":{"line":26,"column":18},"end":{"line":26,"column":50}}]}},"b":{"0":[7],"1":[1],"2":[6],"3":[1],"4":[6],"5":[2],"6":[1],"7":[2]},"fnMap":{"0":{"name":"SearchForm","decl":{"start":{"line":8,"column":0},"end":{"line":41,"column":1}},"loc":{"start":{"line":8,"column":0},"end":{"line":41,"column":1}},"line":8},"1":{"name":"handleSubmit","decl":{"start":{"line":11,"column":23},"end":{"line":17,"column":4}},"loc":{"start":{"line":11,"column":23},"end":{"line":17,"column":4}},"line":11},"2":{"name":"onChange","decl":{"start":{"line":26,"column":18},"end":{"line":26,"column":50}},"loc":{"start":{"line":26,"column":18},"end":{"line":26,"column":50}},"line":26}},"f":{"0":7,"1":2,"2":2}}
,"C:\\Widia\\Project\\github-repositories-explorer\\src\\components\\UserCard.tsx": {"path":"C:\\Widia\\Project\\github-repositories-explorer\\src\\components\\UserCard.tsx","all":false,"statementMap":{"0":{"start":{"line":1,"column":0},"end":{"line":1,"column":32}},"1":{"start":{"line":2,"column":0},"end":{"line":2,"column":36}},"3":{"start":{"line":4,"column":0},"end":{"line":4,"column":65}},"5":{"start":{"line":6,"column":0},"end":{"line":6,"column":47}},"11":{"start":{"line":12,"column":0},"end":{"line":12,"column":55}},"12":{"start":{"line":13,"column":0},"end":{"line":13,"column":59}},"14":{"start":{"line":15,"column":0},"end":{"line":15,"column":36}},"15":{"start":{"line":16,"column":0},"end":{"line":16,"column":50}},"17":{"start":{"line":18,"column":0},"end":{"line":18,"column":10}},"18":{"start":{"line":19,"column":0},"end":{"line":19,"column":6}},"19":{"start":{"line":20,"column":0},"end":{"line":20,"column":39}},"20":{"start":{"line":21,"column":0},"end":{"line":21,"column":12}},"21":{"start":{"line":22,"column":0},"end":{"line":22,"column":23}},"22":{"start":{"line":23,"column":0},"end":{"line":23,"column":85}},"23":{"start":{"line":24,"column":0},"end":{"line":24,"column":62}},"25":{"start":{"line":26,"column":0},"end":{"line":26,"column":35}},"26":{"start":{"line":27,"column":0},"end":{"line":27,"column":92}},"27":{"start":{"line":28,"column":0},"end":{"line":28,"column":45}},"28":{"start":{"line":29,"column":0},"end":{"line":29,"column":75}},"29":{"start":{"line":30,"column":0},"end":{"line":30,"column":29}},"30":{"start":{"line":31,"column":0},"end":{"line":31,"column":23}},"31":{"start":{"line":32,"column":0},"end":{"line":32,"column":81}},"32":{"start":{"line":33,"column":0},"end":{"line":33,"column":56}},"33":{"start":{"line":34,"column":0},"end":{"line":34,"column":23}},"34":{"start":{"line":35,"column":0},"end":{"line":35,"column":20}},"35":{"start":{"line":36,"column":0},"end":{"line":36,"column":99}},"36":{"start":{"line":37,"column":0},"end":{"line":37,"column":69}},"37":{"start":{"line":38,"column":0},"end":{"line":38,"column":30}},"38":{"start":{"line":39,"column":0},"end":{"line":39,"column":20}},"39":{"start":{"line":40,"column":0},"end":{"line":40,"column":18}},"40":{"start":{"line":41,"column":0},"end":{"line":41,"column":16}},"41":{"start":{"line":42,"column":0},"end":{"line":42,"column":14}},"42":{"start":{"line":43,"column":0},"end":{"line":43,"column":9}},"43":{"start":{"line":44,"column":0},"end":{"line":44,"column":7}},"45":{"start":{"line":46,"column":0},"end":{"line":46,"column":1}}},"s":{"0":1,"1":1,"3":1,"5":1,"11":6,"12":6,"14":6,"15":6,"17":2,"18":2,"19":2,"20":2,"21":2,"22":2,"23":2,"25":2,"26":2,"27":2,"28":2,"29":2,"30":2,"31":2,"32":2,"33":2,"34":2,"35":2,"36":2,"37":2,"38":2,"39":2,"40":2,"41":2,"42":2,"43":2,"45":2},"branchMap":{"0":{"type":"branch","line":12,"loc":{"start":{"line":12,"column":0},"end":{"line":46,"column":1}},"locations":[{"start":{"line":12,"column":0},"end":{"line":46,"column":1}}]},"1":{"type":"branch","line":15,"loc":{"start":{"line":15,"column":17},"end":{"line":16,"column":15}},"locations":[{"start":{"line":15,"column":17},"end":{"line":16,"column":15}}]},"2":{"type":"branch","line":15,"loc":{"start":{"line":15,"column":17},"end":{"line":15,"column":36}},"locations":[{"start":{"line":15,"column":17},"end":{"line":15,"column":36}}]},"3":{"type":"branch","line":15,"loc":{"start":{"line":15,"column":33},"end":{"line":16,"column":15}},"locations":[{"start":{"line":15,"column":33},"end":{"line":16,"column":15}}]},"4":{"type":"branch","line":16,"loc":{"start":{"line":16,"column":7},"end":{"line":16,"column":29}},"locations":[{"start":{"line":16,"column":7},"end":{"line":16,"column":29}}]},"5":{"type":"branch","line":16,"loc":{"start":{"line":16,"column":29},"end":{"line":46,"column":1}},"locations":[{"start":{"line":16,"column":29},"end":{"line":46,"column":1}}]},"6":{"type":"branch","line":20,"loc":{"start":{"line":20,"column":16},"end":{"line":42,"column":14}},"locations":[{"start":{"line":20,"column":16},"end":{"line":42,"column":14}}]},"7":{"type":"branch","line":33,"loc":{"start":{"line":33,"column":24},"end":{"line":33,"column":56}},"locations":[{"start":{"line":33,"column":24},"end":{"line":33,"column":56}}]},"8":{"type":"branch","line":24,"loc":{"start":{"line":24,"column":19},"end":{"line":24,"column":62}},"locations":[{"start":{"line":24,"column":19},"end":{"line":24,"column":62}}]}},"b":{"0":[6],"1":[5],"2":[2],"3":[4],"4":[3],"5":[2],"6":[2],"7":[0],"8":[1]},"fnMap":{"0":{"name":"UserCard","decl":{"start":{"line":12,"column":0},"end":{"line":46,"column":1}},"loc":{"start":{"line":12,"column":0},"end":{"line":46,"column":1}},"line":12},"1":{"name":"onClick","decl":{"start":{"line":24,"column":19},"end":{"line":24,"column":62}},"loc":{"start":{"line":24,"column":19},"end":{"line":24,"column":62}},"line":24}},"f":{"0":6,"1":1}}
,"C:\\Widia\\Project\\github-repositories-explorer\\src\\components\\UserList.tsx": {"path":"C:\\Widia\\Project\\github-repositories-explorer\\src\\components\\UserList.tsx","all":false,"statementMap":{"0":{"start":{"line":1,"column":0},"end":{"line":1,"column":33}},"1":{"start":{"line":2,"column":0},"end":{"line":2,"column":61}},"3":{"start":{"line":4,"column":0},"end":{"line":4,"column":34}},"4":{"start":{"line":5,"column":0},"end":{"line":5,"column":32}},"5":{"start":{"line":6,"column":0},"end":{"line":6,"column":36}},"7":{"start":{"line":8,"column":0},"end":{"line":8,"column":69}},"13":{"start":{"line":14,"column":0},"end":{"line":14,"column":55}},"14":{"start":{"line":15,"column":0},"end":{"line":15,"column":61}},"15":{"start":{"line":16,"column":0},"end":{"line":16,"column":61}},"17":{"start":{"line":18,"column":0},"end":{"line":18,"column":36}},"18":{"start":{"line":19,"column":0},"end":{"line":19,"column":50}},"20":{"start":{"line":21,"column":0},"end":{"line":21,"column":42}},"21":{"start":{"line":22,"column":0},"end":{"line":22,"column":27}},"22":{"start":{"line":23,"column":0},"end":{"line":23,"column":74}},"23":{"start":{"line":24,"column":0},"end":{"line":24,"column":6}},"24":{"start":{"line":25,"column":0},"end":{"line":25,"column":4}},"26":{"start":{"line":27,"column":0},"end":{"line":27,"column":10}},"27":{"start":{"line":28,"column":0},"end":{"line":28,"column":26}},"28":{"start":{"line":29,"column":0},"end":{"line":29,"column":35}},"29":{"start":{"line":30,"column":0},"end":{"line":30,"column":71}},"31":{"start":{"line":32,"column":0},"end":{"line":32,"column":39}},"32":{"start":{"line":33,"column":0},"end":{"line":33,"column":67}},"33":{"start":{"line":34,"column":0},"end":{"line":34,"column":17}},"34":{"start":{"line":35,"column":0},"end":{"line":35,"column":51}},"35":{"start":{"line":36,"column":0},"end":{"line":36,"column":95}},"36":{"start":{"line":37,"column":0},"end":{"line":37,"column":43}},"38":{"start":{"line":39,"column":0},"end":{"line":39,"column":17}},"39":{"start":{"line":40,"column":0},"end":{"line":40,"column":64}},"40":{"start":{"line":41,"column":0},"end":{"line":41,"column":81}},"42":{"start":{"line":43,"column":0},"end":{"line":43,"column":26}},"43":{"start":{"line":44,"column":0},"end":{"line":44,"column":19}},"44":{"start":{"line":45,"column":0},"end":{"line":45,"column":45}},"45":{"start":{"line":46,"column":0},"end":{"line":46,"column":54}},"47":{"start":{"line":48,"column":0},"end":{"line":48,"column":56}},"49":{"start":{"line":50,"column":0},"end":{"line":50,"column":19}},"50":{"start":{"line":51,"column":0},"end":{"line":51,"column":44}},"51":{"start":{"line":52,"column":0},"end":{"line":52,"column":39}},"52":{"start":{"line":53,"column":0},"end":{"line":53,"column":48}},"53":{"start":{"line":54,"column":0},"end":{"line":54,"column":18}},"55":{"start":{"line":56,"column":0},"end":{"line":56,"column":14}},"56":{"start":{"line":57,"column":0},"end":{"line":57,"column":9}},"57":{"start":{"line":58,"column":0},"end":{"line":58,"column":10}},"59":{"start":{"line":60,"column":0},"end":{"line":60,"column":1}}},"s":{"0":1,"1":1,"3":1,"4":1,"5":1,"7":1,"13":8,"14":8,"15":8,"17":8,"18":8,"20":5,"21":2,"22":2,"23":2,"24":2,"26":5,"27":5,"28":5,"29":4,"31":8,"32":5,"33":5,"34":5,"35":5,"36":5,"38":5,"39":5,"40":5,"42":5,"43":5,"44":5,"45":1,"47":4,"49":5,"50":5,"51":1,"52":1,"53":1,"55":5,"56":8,"57":8,"59":8},"branchMap":{"0":{"type":"branch","line":14,"loc":{"start":{"line":14,"column":0},"end":{"line":60,"column":1}},"locations":[{"start":{"line":14,"column":0},"end":{"line":60,"column":1}}]},"1":{"type":"branch","line":18,"loc":{"start":{"line":18,"column":17},"end":{"line":18,"column":36}},"locations":[{"start":{"line":18,"column":17},"end":{"line":18,"column":36}}]},"2":{"type":"branch","line":18,"loc":{"start":{"line":18,"column":33},"end":{"line":19,"column":29}},"locations":[{"start":{"line":18,"column":33},"end":{"line":19,"column":29}}]},"3":{"type":"branch","line":19,"loc":{"start":{"line":19,"column":29},"end":{"line":19,"column":50}},"locations":[{"start":{"line":19,"column":29},"end":{"line":19,"column":50}}]},"4":{"type":"branch","line":19,"loc":{"start":{"line":19,"column":47},"end":{"line":29,"column":35}},"locations":[{"start":{"line":19,"column":47},"end":{"line":29,"column":35}}]},"5":{"type":"branch","line":29,"loc":{"start":{"line":29,"column":29},"end":{"line":30,"column":71}},"locations":[{"start":{"line":29,"column":29},"end":{"line":30,"column":71}}]},"6":{"type":"branch","line":21,"loc":{"start":{"line":21,"column":25},"end":{"line":25,"column":4}},"locations":[{"start":{"line":21,"column":25},"end":{"line":25,"column":4}}]},"7":{"type":"branch","line":22,"loc":{"start":{"line":22,"column":18},"end":{"line":23,"column":74}},"locations":[{"start":{"line":22,"column":18},"end":{"line":23,"column":74}}]},"8":{"type":"branch","line":23,"loc":{"start":{"line":23,"column":22},"end":{"line":23,"column":61}},"locations":[{"start":{"line":23,"column":22},"end":{"line":23,"column":61}}]},"9":{"type":"branch","line":23,"loc":{"start":{"line":23,"column":57},"end":{"line":23,"column":74}},"locations":[{"start":{"line":23,"column":57},"end":{"line":23,"column":74}}]},"10":{"type":"branch","line":23,"loc":{"start":{"line":23,"column":38},"end":{"line":23,"column":57}},"locations":[{"start":{"line":23,"column":38},"end":{"line":23,"column":57}}]},"11":{"type":"branch","line":32,"loc":{"start":{"line":32,"column":16},"end":{"line":56,"column":14}},"locations":[{"start":{"line":32,"column":16},"end":{"line":56,"column":14}}]},"12":{"type":"branch","line":45,"loc":{"start":{"line":45,"column":40},"end":{"line":46,"column":54}},"locations":[{"start":{"line":45,"column":40},"end":{"line":46,"column":54}}]},"13":{"type":"branch","line":46,"loc":{"start":{"line":46,"column":52},"end":{"line":48,"column":56}},"locations":[{"start":{"line":46,"column":52},"end":{"line":48,"column":56}}]},"14":{"type":"branch","line":51,"loc":{"start":{"line":51,"column":38},"end":{"line":54,"column":18}},"locations":[{"start":{"line":51,"column":38},"end":{"line":54,"column":18}}]},"15":{"type":"branch","line":35,"loc":{"start":{"line":35,"column":21},"end":{"line":35,"column":51}},"locations":[{"start":{"line":35,"column":21},"end":{"line":35,"column":51}}]}},"b":{"0":[8],"1":[3],"2":[5],"3":[0],"4":[5],"5":[4],"6":[2],"7":[2],"8":[1],"9":[1],"10":[1],"11":[5],"12":[1],"13":[4],"14":[1],"15":[2]},"fnMap":{"0":{"name":"UserList","decl":{"start":{"line":14,"column":0},"end":{"line":60,"column":1}},"loc":{"start":{"line":14,"column":0},"end":{"line":60,"column":1}},"line":14},"1":{"name":"toggleCollapse","decl":{"start":{"line":21,"column":25},"end":{"line":25,"column":4}},"loc":{"start":{"line":21,"column":25},"end":{"line":25,"column":4}},"line":21},"2":{"name":"onClick","decl":{"start":{"line":35,"column":21},"end":{"line":35,"column":51}},"loc":{"start":{"line":35,"column":21},"end":{"line":35,"column":51}},"line":35}},"f":{"0":8,"1":2,"2":2}}
,"C:\\Widia\\Project\\github-repositories-explorer\\src\\hooks\\useGithubSearchUsers.ts": {"path":"C:\\Widia\\Project\\github-repositories-explorer\\src\\hooks\\useGithubSearchUsers.ts","all":false,"statementMap":{"0":{"start":{"line":1,"column":0},"end":{"line":1,"column":49}},"1":{"start":{"line":2,"column":0},"end":{"line":2,"column":48}},"4":{"start":{"line":5,"column":0},"end":{"line":5,"column":56}},"5":{"start":{"line":6,"column":0},"end":{"line":6,"column":33}},"6":{"start":{"line":7,"column":0},"end":{"line":7,"column":34}},"7":{"start":{"line":8,"column":0},"end":{"line":8,"column":18}},"8":{"start":{"line":9,"column":0},"end":{"line":9,"column":58}},"9":{"start":{"line":10,"column":0},"end":{"line":10,"column":24}},"10":{"start":{"line":11,"column":0},"end":{"line":11,"column":5}},"11":{"start":{"line":12,"column":0},"end":{"line":12,"column":1}}},"s":{"0":1,"1":1,"4":1,"5":8,"6":8,"7":8,"8":3,"9":8,"10":8,"11":8},"branchMap":{"0":{"type":"branch","line":5,"loc":{"start":{"line":5,"column":7},"end":{"line":12,"column":1}},"locations":[{"start":{"line":5,"column":7},"end":{"line":12,"column":1}}]},"1":{"type":"branch","line":8,"loc":{"start":{"line":8,"column":13},"end":{"line":9,"column":58}},"locations":[{"start":{"line":8,"column":13},"end":{"line":9,"column":58}}]},"2":{"type":"branch","line":9,"loc":{"start":{"line":9,"column":33},"end":{"line":9,"column":56}},"locations":[{"start":{"line":9,"column":33},"end":{"line":9,"column":56}}]}},"b":{"0":[8],"1":[3],"2":[3]},"fnMap":{"0":{"name":"useGithubSearchUsers","decl":{"start":{"line":5,"column":7},"end":{"line":12,"column":1}},"loc":{"start":{"line":5,"column":7},"end":{"line":12,"column":1}},"line":5},"1":{"name":"queryFn","decl":{"start":{"line":8,"column":13},"end":{"line":9,"column":58}},"loc":{"start":{"line":8,"column":13},"end":{"line":9,"column":58}},"line":8}},"f":{"0":8,"1":3}}
,"C:\\Widia\\Project\\github-repositories-explorer\\src\\hooks\\useGithubUserRepos.ts": {"path":"C:\\Widia\\Project\\github-repositories-explorer\\src\\hooks\\useGithubUserRepos.ts","all":false,"statementMap":{"0":{"start":{"line":1,"column":0},"end":{"line":1,"column":49}},"1":{"start":{"line":2,"column":0},"end":{"line":2,"column":49}},"4":{"start":{"line":5,"column":0},"end":{"line":5,"column":54}},"5":{"start":{"line":6,"column":0},"end":{"line":6,"column":33}},"6":{"start":{"line":7,"column":0},"end":{"line":7,"column":34}},"7":{"start":{"line":8,"column":0},"end":{"line":8,"column":64}},"8":{"start":{"line":9,"column":0},"end":{"line":9,"column":24}},"9":{"start":{"line":10,"column":0},"end":{"line":10,"column":5}},"10":{"start":{"line":11,"column":0},"end":{"line":11,"column":1}}},"s":{"0":1,"1":1,"4":1,"5":2,"6":2,"7":2,"8":2,"9":2,"10":2},"branchMap":{"0":{"type":"branch","line":5,"loc":{"start":{"line":5,"column":7},"end":{"line":11,"column":1}},"locations":[{"start":{"line":5,"column":7},"end":{"line":11,"column":1}}]},"1":{"type":"branch","line":8,"loc":{"start":{"line":8,"column":13},"end":{"line":8,"column":64}},"locations":[{"start":{"line":8,"column":13},"end":{"line":8,"column":64}}]}},"b":{"0":[2],"1":[1]},"fnMap":{"0":{"name":"useGithubUserRepos","decl":{"start":{"line":5,"column":7},"end":{"line":11,"column":1}},"loc":{"start":{"line":5,"column":7},"end":{"line":11,"column":1}},"line":5},"1":{"name":"queryFn","decl":{"start":{"line":8,"column":13},"end":{"line":8,"column":64}},"loc":{"start":{"line":8,"column":13},"end":{"line":8,"column":64}},"line":8}},"f":{"0":2,"1":1}}
,"C:\\Widia\\Project\\github-repositories-explorer\\src\\tests\\testUtils.tsx": {"path":"C:\\Widia\\Project\\github-repositories-explorer\\src\\tests\\testUtils.tsx","all":false,"statementMap":{"0":{"start":{"line":1,"column":0},"end":{"line":1,"column":73}},"2":{"start":{"line":3,"column":0},"end":{"line":3,"column":48}},"4":{"start":{"line":5,"column":0},"end":{"line":5,"column":49}},"5":{"start":{"line":6,"column":0},"end":{"line":6,"column":39}},"6":{"start":{"line":7,"column":0},"end":{"line":7,"column":21}},"7":{"start":{"line":8,"column":0},"end":{"line":8,"column":16}},"8":{"start":{"line":9,"column":0},"end":{"line":9,"column":21}},"9":{"start":{"line":10,"column":0},"end":{"line":10,"column":8}},"10":{"start":{"line":11,"column":0},"end":{"line":11,"column":6}},"11":{"start":{"line":12,"column":0},"end":{"line":12,"column":5}},"13":{"start":{"line":14,"column":0},"end":{"line":14,"column":16}},"14":{"start":{"line":15,"column":0},"end":{"line":15,"column":46}},"15":{"start":{"line":16,"column":0},"end":{"line":16,"column":10}},"16":{"start":{"line":17,"column":0},"end":{"line":17,"column":26}},"17":{"start":{"line":18,"column":0},"end":{"line":18,"column":4}},"18":{"start":{"line":19,"column":0},"end":{"line":19,"column":1}}},"s":{"0":1,"2":1,"4":1,"5":7,"6":7,"7":7,"8":7,"9":7,"10":7,"11":7,"13":7,"14":7,"15":7,"16":7,"17":7,"18":7},"branchMap":{"0":{"type":"branch","line":5,"loc":{"start":{"line":5,"column":7},"end":{"line":19,"column":1}},"locations":[{"start":{"line":5,"column":7},"end":{"line":19,"column":1}}]}},"b":{"0":[7]},"fnMap":{"0":{"name":"renderWithClient","decl":{"start":{"line":5,"column":7},"end":{"line":19,"column":1}},"loc":{"start":{"line":5,"column":7},"end":{"line":19,"column":1}},"line":5}},"f":{"0":7}}
}
